2022-07-21 14:46:09 INFO  Log:11 - =====================================ProductSelection TEST START=========================================
2022-07-21 14:46:26 INFO  Log:22 - *******************loginPage Test Successfull**************************
2022-07-21 14:46:39 INFO  Log:22 - *********************productdetailpageTest Successfull***************************************
2022-07-21 14:46:40 INFO  Log:22 - *********************shoppingcartTest successfull***************************************
2022-07-21 14:46:42 INFO  Log:22 - *********************check out test succeessfull**************************************
2022-07-21 14:46:42 INFO  Log:22 - *********************oder confirmation test succeessfull**************************************
2022-07-21 14:46:43 INFO  Log:22 - *********************check out page navigation test succeessfull**************************************
2022-07-21 14:46:45 INFO  Log:22 - *********************check out test succeessfull**************************************
2022-07-21 14:46:47 INFO  Log:22 - *********************Logout test succeessfull**************************************
2022-07-21 14:46:47 INFO  Log:22 - *********************welcomepage test succeessfull**************************************
2022-07-25 15:54:05 INFO  Log:11 - =====================================ProductSelection TEST START=========================================
2022-07-25 15:54:06 INFO  Log:11 - =====================================ProductSelection TEST START=========================================
2022-07-25 15:54:08 INFO  Log:22 - *******************loginPage Test Successfull**************************
2022-07-25 15:54:15 INFO  Log:22 - *********************productdetailpageTest Successfull***************************************
2022-07-25 15:54:17 INFO  Log:22 - *********************shoppingcartTest successfull***************************************
2022-07-25 15:54:17 INFO  Log:22 - *******************loginPage Test Successfull**************************
2022-07-25 15:54:19 INFO  Log:22 - *********************check out test succeessfull**************************************
2022-07-25 15:54:19 INFO  Log:22 - *********************oder confirmation test succeessfull**************************************
2022-07-25 15:54:19 INFO  Log:22 - *********************check out page navigation test succeessfull**************************************
2022-07-25 15:54:20 INFO  Log:22 - *********************check out test succeessfull**************************************
2022-07-25 15:54:22 INFO  Log:22 - *********************Logout test succeessfull**************************************
2022-07-25 15:55:45 INFO  Log:11 - =====================================ProductSelection TEST START=========================================
2022-07-25 15:55:50 INFO  Log:22 - *******************loginPage Test Successfull**************************
2022-07-25 15:55:57 INFO  Log:22 - *********************productdetailpageTest Successfull***************************************
2022-07-25 15:55:58 INFO  Log:22 - *********************shoppingcartTest successfull***************************************
2022-07-25 15:56:00 INFO  Log:22 - *********************check out test succeessfull**************************************
2022-07-25 15:56:00 INFO  Log:22 - *********************oder confirmation test succeessfull**************************************
2022-07-25 15:56:00 INFO  Log:22 - *********************check out page navigation test succeessfull**************************************
2022-07-25 15:56:00 INFO  Log:22 - *********************check out test succeessfull**************************************
2022-07-25 15:56:02 INFO  Log:22 - *********************Logout test succeessfull**************************************
2022-07-25 15:58:24 INFO  Log:11 - =====================================ProductSelection TEST START=========================================
2022-07-25 15:58:28 INFO  Log:22 - *******************loginPage Test Successfull**************************
2022-07-25 15:58:35 INFO  Log:22 - *********************productdetailpageTest Successfull***************************************
2022-07-25 15:58:37 INFO  Log:22 - *********************shoppingcartTest successfull***************************************
2022-07-25 16:03:58 INFO  Log:11 - =====================================ProductSelection TEST START=========================================
2022-07-25 16:04:02 INFO  Log:22 - *******************loginPage Test Successfull**************************
2022-07-25 16:04:10 INFO  Log:22 - *********************productdetailpageTest Successfull***************************************
2022-07-25 16:04:11 INFO  Log:22 - *********************shoppingcartTest successfull***************************************
2022-07-25 16:04:14 INFO  Log:22 - *********************check out test succeessfull**************************************
2022-07-25 16:04:14 INFO  Log:22 - *********************oder confirmation test succeessfull**************************************
2022-07-25 16:04:16 INFO  Log:22 - *********************check out page navigation test succeessfull**************************************
2022-07-25 16:04:17 INFO  Log:22 - *********************check out test succeessfull**************************************
2022-07-25 16:04:19 INFO  Log:22 - *********************Logout test succeessfull**************************************
2022-07-25 17:11:54 INFO  Log:11 - =====================================ProductSelection TEST START=========================================
2022-07-25 17:11:58 INFO  Log:22 - *******************loginPage Test Successfull**************************
2022-07-25 17:12:05 INFO  Log:22 - *********************productdetailpageTest Successfull***************************************
2022-07-25 17:12:06 INFO  Log:22 - *********************shoppingcartTest successfull***************************************
2022-07-25 17:12:08 INFO  Log:22 - *********************check out test succeessfull**************************************
2022-07-25 17:12:08 INFO  Log:22 - *********************oder confirmation test succeessfull**************************************
2022-07-25 17:12:09 INFO  Log:22 - *********************check out page navigation test succeessfull**************************************
2022-07-25 17:12:11 INFO  Log:22 - *********************check out test succeessfull**************************************
2022-07-25 17:12:16 INFO  Log:22 - *********************Logout test succeessfull**************************************
2022-07-25 17:19:58 INFO  Log:11 - =====================================ProductSelection TEST START=========================================
2022-07-25 17:20:03 INFO  Log:22 - *******************loginPage Test Successfull**************************
2022-07-25 17:20:10 INFO  Log:22 - *********************productdetailpageTest Successfull***************************************
2022-07-25 17:20:11 INFO  Log:22 - *********************shoppingcartTest successfull***************************************
2022-07-25 17:20:13 INFO  Log:22 - *********************check out test succeessfull**************************************
2022-07-25 17:20:13 INFO  Log:22 - *********************oder confirmation test succeessfull**************************************
2022-07-25 17:20:14 INFO  Log:22 - *********************check out page navigation test succeessfull**************************************
2022-07-25 17:20:16 INFO  Log:22 - *********************check out test succeessfull**************************************
2022-07-25 17:20:19 INFO  Log:22 - *********************Logout test succeessfull**************************************
2022-07-25 17:20:19 INFO  Log:22 - *********************welcomepage test succeessfull**************************************
2022-07-25 19:19:53 INFO  Log:11 - =====================================ProductSelection TEST START=========================================
2022-07-25 19:19:57 INFO  Log:22 - *******************loginPage Test Successfull**************************
2022-07-25 19:20:02 INFO  Log:22 - *********************productdetailpageTest Successfull***************************************
2022-07-25 19:20:03 INFO  Log:22 - *********************shoppingcartTest successfull***************************************
2022-07-25 19:20:04 INFO  Log:22 - *********************check out test succeessfull**************************************
2022-07-25 19:20:04 INFO  Log:22 - *********************order confirmation test succeessfull**************************************
2022-07-25 19:20:05 INFO  Log:22 - *********************check out page navigation test succeessfull**************************************
2022-07-25 19:20:06 INFO  Log:22 - *********************check out test succeessfull**************************************
2022-07-25 19:20:08 INFO  Log:22 - *********************Logout test succeessfull**************************************
2022-07-25 19:20:08 INFO  Log:22 - *********************welcomepage test succeessfull**************************************
2022-07-25 19:51:24 INFO  Log:11 - =====================================ProductSelection TEST START=========================================
2022-07-25 19:51:27 INFO  Log:22 - *******************loginPage Test Successfull**************************
2022-07-25 19:51:33 INFO  Log:22 - *********************productdetailpageTest Successfull***************************************
2022-07-25 19:51:34 INFO  Log:22 - *********************shoppingcartTest successfull***************************************
2022-07-25 19:51:35 INFO  Log:22 - *********************check out test succeessfull**************************************
2022-07-25 19:51:36 INFO  Log:22 - *********************order confirmation test succeessfull**************************************
2022-07-25 19:51:37 INFO  Log:22 - *********************check out page navigation test succeessfull**************************************
2022-07-25 19:51:38 INFO  Log:22 - *********************check out test succeessfull**************************************
2022-07-25 19:51:40 INFO  Log:22 - *********************Logout test succeessfull**************************************
2022-07-25 19:51:40 INFO  Log:22 - *********************welcomepage test succeessfull**************************************
